2022-05-04 11:56:53,547 DEBUG scheduler Queued events for site current.test
2022-05-04 11:56:53,571 INFO scheduler Scheduled Job Start: frappe.monitor.flush for current.test
2022-05-04 11:56:53,879 INFO scheduler Scheduled Job Complete: frappe.monitor.flush for current.test
2022-05-04 11:56:54,094 INFO scheduler Scheduled Job Start: frappe.utils.global_search.sync_global_search for current.test
2022-05-04 11:56:54,538 INFO scheduler Scheduled Job Complete: frappe.utils.global_search.sync_global_search for current.test
2022-05-04 11:56:54,708 INFO scheduler Scheduled Job Start: frappe.integrations.doctype.razorpay_settings.razorpay_settings.capture_payment for current.test
2022-05-04 11:56:55,061 INFO scheduler Scheduled Job Complete: frappe.integrations.doctype.razorpay_settings.razorpay_settings.capture_payment for current.test
2022-05-04 11:56:55,247 INFO scheduler Scheduled Job Start: frappe.email.doctype.email_account.email_account.notify_unreplied for current.test
2022-05-04 11:56:55,668 INFO scheduler Scheduled Job Complete: frappe.email.doctype.email_account.email_account.notify_unreplied for current.test
2022-05-04 11:56:55,858 INFO scheduler Scheduled Job Start: frappe.email.doctype.email_account.email_account.pull for current.test
2022-05-04 11:56:56,315 INFO scheduler Scheduled Job Complete: frappe.email.doctype.email_account.email_account.pull for current.test
2022-05-04 11:56:56,450 INFO scheduler Scheduled Job Start: frappe.email.queue.flush for current.test
2022-05-04 11:56:56,715 INFO scheduler Scheduled Job Complete: frappe.email.queue.flush for current.test
2022-05-04 11:57:53,880 DEBUG scheduler Queued events for site current.test
2022-05-04 11:58:54,299 DEBUG scheduler Queued events for site current.test
2022-05-04 11:59:54,599 DEBUG scheduler Queued events for site current.test
2022-05-04 12:00:55,037 INFO scheduler Scheduled Job Start: frappe.website.doctype.personal_data_deletion_request.personal_data_deletion_request.process_data_deletion_request for current.test
2022-05-04 12:00:55,374 DEBUG scheduler Queued events for site current.test
2022-05-04 12:00:55,650 INFO scheduler Scheduled Job Complete: frappe.website.doctype.personal_data_deletion_request.personal_data_deletion_request.process_data_deletion_request for current.test
2022-05-04 12:00:55,728 INFO scheduler Scheduled Job Start: frappe.email.doctype.newsletter.newsletter.send_scheduled_email for current.test
2022-05-04 12:00:56,230 INFO scheduler Scheduled Job Complete: frappe.email.doctype.newsletter.newsletter.send_scheduled_email for current.test
2022-05-04 12:00:56,380 INFO scheduler Scheduled Job Start: frappe.integrations.doctype.google_calendar.google_calendar.sync for current.test
2022-05-04 12:00:57,042 INFO scheduler Scheduled Job Complete: frappe.integrations.doctype.google_calendar.google_calendar.sync for current.test
2022-05-04 12:00:57,102 INFO scheduler Scheduled Job Start: frappe.desk.form.document_follow.send_hourly_updates for current.test
2022-05-04 12:00:57,376 INFO scheduler Scheduled Job Complete: frappe.desk.form.document_follow.send_hourly_updates for current.test
2022-05-04 12:00:57,444 INFO scheduler Scheduled Job Start: frappe.deferred_insert.save_to_db for current.test
2022-05-04 12:00:57,645 INFO scheduler Scheduled Job Complete: frappe.deferred_insert.save_to_db for current.test
2022-05-04 12:00:57,708 INFO scheduler Scheduled Job Start: frappe.desk.page.backups.backups.delete_downloadable_backups for current.test
2022-05-04 12:00:58,020 INFO scheduler Scheduled Job Complete: frappe.desk.page.backups.backups.delete_downloadable_backups for current.test
2022-05-04 12:00:58,082 INFO scheduler Scheduled Job Start: frappe.utils.error.collect_error_snapshots for current.test
2022-05-04 12:00:58,383 INFO scheduler Scheduled Job Complete: frappe.utils.error.collect_error_snapshots for current.test
2022-05-04 12:00:58,535 INFO scheduler Scheduled Job Start: frappe.model.utils.user_settings.sync_user_settings for current.test
2022-05-04 12:00:58,748 INFO scheduler Scheduled Job Complete: frappe.model.utils.user_settings.sync_user_settings for current.test
2022-05-04 12:00:58,807 INFO scheduler Scheduled Job Start: frappe.model.utils.link_count.update_link_count for current.test
2022-05-04 12:00:59,017 INFO scheduler Scheduled Job Complete: frappe.model.utils.link_count.update_link_count for current.test
2022-05-04 12:00:59,132 INFO scheduler Scheduled Job Start: frappe.monitor.flush for current.test
2022-05-04 12:00:59,460 INFO scheduler Scheduled Job Complete: frappe.monitor.flush for current.test
2022-05-04 12:00:59,615 INFO scheduler Scheduled Job Start: frappe.utils.global_search.sync_global_search for current.test
2022-05-04 12:00:59,857 INFO scheduler Scheduled Job Complete: frappe.utils.global_search.sync_global_search for current.test
2022-05-04 12:00:59,967 INFO scheduler Scheduled Job Start: frappe.integrations.doctype.razorpay_settings.razorpay_settings.capture_payment for current.test
2022-05-04 12:01:00,221 INFO scheduler Scheduled Job Complete: frappe.integrations.doctype.razorpay_settings.razorpay_settings.capture_payment for current.test
2022-05-04 12:01:00,325 INFO scheduler Scheduled Job Start: frappe.email.doctype.email_account.email_account.notify_unreplied for current.test
2022-05-04 12:01:00,772 INFO scheduler Scheduled Job Complete: frappe.email.doctype.email_account.email_account.notify_unreplied for current.test
2022-05-04 12:01:00,868 INFO scheduler Scheduled Job Start: frappe.email.doctype.email_account.email_account.pull for current.test
2022-05-04 12:01:01,309 INFO scheduler Scheduled Job Complete: frappe.email.doctype.email_account.email_account.pull for current.test
2022-05-04 12:01:01,440 INFO scheduler Scheduled Job Start: frappe.email.queue.flush for current.test
2022-05-04 12:01:01,780 INFO scheduler Scheduled Job Complete: frappe.email.queue.flush for current.test
2022-05-04 12:01:01,956 INFO scheduler Scheduled Job Start: frappe.twofactor.delete_all_barcodes_for_users for current.test
2022-05-04 12:01:02,543 INFO scheduler Scheduled Job Complete: frappe.twofactor.delete_all_barcodes_for_users for current.test
2022-05-04 12:01:02,604 INFO scheduler Scheduled Job Start: frappe.website.doctype.web_page.web_page.check_publish_status for current.test
2022-05-04 12:01:02,955 INFO scheduler Scheduled Job Complete: frappe.website.doctype.web_page.web_page.check_publish_status for current.test
2022-05-04 12:01:03,018 INFO scheduler Scheduled Job Start: frappe.oauth.delete_oauth2_data for current.test
2022-05-04 12:01:03,483 INFO scheduler Scheduled Job Complete: frappe.oauth.delete_oauth2_data for current.test
2022-05-04 12:01:55,644 DEBUG scheduler Queued events for site current.test
2022-05-04 12:02:55,950 DEBUG scheduler Queued events for site current.test
2022-05-04 12:03:56,239 DEBUG scheduler Queued events for site current.test
2022-05-04 12:04:56,655 DEBUG scheduler Queued events for site current.test
2022-05-04 12:04:56,663 INFO scheduler Scheduled Job Start: frappe.monitor.flush for current.test
2022-05-04 12:04:56,836 INFO scheduler Scheduled Job Complete: frappe.monitor.flush for current.test
2022-05-04 12:04:56,889 INFO scheduler Scheduled Job Start: frappe.utils.global_search.sync_global_search for current.test
2022-05-04 12:04:57,025 INFO scheduler Scheduled Job Complete: frappe.utils.global_search.sync_global_search for current.test
2022-05-04 12:04:57,166 INFO scheduler Scheduled Job Start: frappe.integrations.doctype.razorpay_settings.razorpay_settings.capture_payment for current.test
2022-05-04 12:04:57,485 INFO scheduler Scheduled Job Complete: frappe.integrations.doctype.razorpay_settings.razorpay_settings.capture_payment for current.test
2022-05-04 12:04:57,629 INFO scheduler Scheduled Job Start: frappe.email.doctype.email_account.email_account.notify_unreplied for current.test
2022-05-04 12:04:58,084 INFO scheduler Scheduled Job Complete: frappe.email.doctype.email_account.email_account.notify_unreplied for current.test
2022-05-04 12:04:58,191 INFO scheduler Scheduled Job Start: frappe.email.doctype.email_account.email_account.pull for current.test
2022-05-04 12:04:58,570 INFO scheduler Scheduled Job Complete: frappe.email.doctype.email_account.email_account.pull for current.test
2022-05-04 12:04:58,658 INFO scheduler Scheduled Job Start: frappe.email.queue.flush for current.test
2022-05-04 12:04:58,880 INFO scheduler Scheduled Job Complete: frappe.email.queue.flush for current.test
2022-05-04 12:05:57,038 DEBUG scheduler Queued events for site current.test
2022-05-04 12:06:57,305 DEBUG scheduler Queued events for site current.test
2022-05-04 12:07:57,595 DEBUG scheduler Queued events for site current.test
2022-05-04 12:08:58,013 DEBUG scheduler Queued events for site current.test
2022-05-04 12:08:58,030 INFO scheduler Scheduled Job Start: frappe.monitor.flush for current.test
2022-05-04 12:08:58,187 INFO scheduler Scheduled Job Complete: frappe.monitor.flush for current.test
2022-05-04 12:08:58,247 INFO scheduler Scheduled Job Start: frappe.utils.global_search.sync_global_search for current.test
2022-05-04 12:08:58,404 INFO scheduler Scheduled Job Complete: frappe.utils.global_search.sync_global_search for current.test
2022-05-04 12:08:58,540 INFO scheduler Scheduled Job Start: frappe.integrations.doctype.razorpay_settings.razorpay_settings.capture_payment for current.test
2022-05-04 12:08:59,015 INFO scheduler Scheduled Job Complete: frappe.integrations.doctype.razorpay_settings.razorpay_settings.capture_payment for current.test
2022-05-04 12:08:59,182 INFO scheduler Scheduled Job Start: frappe.email.doctype.email_account.email_account.notify_unreplied for current.test
2022-05-04 12:08:59,558 INFO scheduler Scheduled Job Complete: frappe.email.doctype.email_account.email_account.notify_unreplied for current.test
2022-05-04 12:08:59,662 INFO scheduler Scheduled Job Start: frappe.email.doctype.email_account.email_account.pull for current.test
2022-05-04 12:09:00,103 INFO scheduler Scheduled Job Complete: frappe.email.doctype.email_account.email_account.pull for current.test
2022-05-04 12:09:00,214 INFO scheduler Scheduled Job Start: frappe.email.queue.flush for current.test
2022-05-04 12:09:00,477 INFO scheduler Scheduled Job Complete: frappe.email.queue.flush for current.test
2022-05-04 12:09:58,515 DEBUG scheduler Queued events for site current.test
2022-05-04 12:10:58,801 DEBUG scheduler Queued events for site current.test
2022-05-04 12:11:59,042 DEBUG scheduler Queued events for site current.test
2022-05-04 12:12:59,483 DEBUG scheduler Queued events for site current.test
2022-05-04 12:12:59,497 INFO scheduler Scheduled Job Start: frappe.monitor.flush for current.test
2022-05-04 12:12:59,710 INFO scheduler Scheduled Job Complete: frappe.monitor.flush for current.test
2022-05-04 12:12:59,778 INFO scheduler Scheduled Job Start: frappe.utils.global_search.sync_global_search for current.test
2022-05-04 12:12:59,947 INFO scheduler Scheduled Job Complete: frappe.utils.global_search.sync_global_search for current.test
2022-05-04 12:13:00,071 INFO scheduler Scheduled Job Start: frappe.integrations.doctype.razorpay_settings.razorpay_settings.capture_payment for current.test
2022-05-04 12:13:00,599 INFO scheduler Scheduled Job Complete: frappe.integrations.doctype.razorpay_settings.razorpay_settings.capture_payment for current.test
2022-05-04 12:13:00,801 INFO scheduler Scheduled Job Start: frappe.email.doctype.email_account.email_account.notify_unreplied for current.test
2022-05-04 12:13:01,332 INFO scheduler Scheduled Job Complete: frappe.email.doctype.email_account.email_account.notify_unreplied for current.test
2022-05-04 12:13:01,537 INFO scheduler Scheduled Job Start: frappe.email.doctype.email_account.email_account.pull for current.test
2022-05-04 12:13:01,923 INFO scheduler Scheduled Job Complete: frappe.email.doctype.email_account.email_account.pull for current.test
2022-05-04 12:13:01,987 INFO scheduler Scheduled Job Start: frappe.email.queue.flush for current.test
2022-05-04 12:13:02,447 INFO scheduler Scheduled Job Complete: frappe.email.queue.flush for current.test
2022-05-04 12:14:00,039 DEBUG scheduler Queued events for site current.test
2022-05-04 12:15:00,484 DEBUG scheduler Queued events for site current.test
2022-05-04 12:15:00,585 INFO scheduler Scheduled Job Start: frappe.twofactor.delete_all_barcodes_for_users for current.test
2022-05-04 12:15:00,927 INFO scheduler Scheduled Job Complete: frappe.twofactor.delete_all_barcodes_for_users for current.test
2022-05-04 12:15:00,997 INFO scheduler Scheduled Job Start: frappe.website.doctype.web_page.web_page.check_publish_status for current.test
2022-05-04 12:15:01,649 INFO scheduler Scheduled Job Complete: frappe.website.doctype.web_page.web_page.check_publish_status for current.test
2022-05-04 12:15:01,799 INFO scheduler Scheduled Job Start: frappe.oauth.delete_oauth2_data for current.test
2022-05-04 12:15:02,527 INFO scheduler Scheduled Job Complete: frappe.oauth.delete_oauth2_data for current.test
2022-05-04 12:16:00,917 DEBUG scheduler Queued events for site current.test
2022-05-04 12:16:00,923 INFO scheduler Scheduled Job Start: frappe.monitor.flush for current.test
2022-05-04 12:16:01,123 INFO scheduler Scheduled Job Complete: frappe.monitor.flush for current.test
2022-05-04 12:16:01,186 INFO scheduler Scheduled Job Start: frappe.utils.global_search.sync_global_search for current.test
2022-05-04 12:16:01,484 INFO scheduler Scheduled Job Complete: frappe.utils.global_search.sync_global_search for current.test
2022-05-04 12:16:01,678 INFO scheduler Scheduled Job Start: frappe.integrations.doctype.razorpay_settings.razorpay_settings.capture_payment for current.test
2022-05-04 12:16:02,053 INFO scheduler Scheduled Job Complete: frappe.integrations.doctype.razorpay_settings.razorpay_settings.capture_payment for current.test
2022-05-04 12:16:02,182 INFO scheduler Scheduled Job Start: frappe.email.doctype.email_account.email_account.notify_unreplied for current.test
2022-05-04 12:16:02,626 INFO scheduler Scheduled Job Complete: frappe.email.doctype.email_account.email_account.notify_unreplied for current.test
2022-05-04 12:16:02,816 INFO scheduler Scheduled Job Start: frappe.email.doctype.email_account.email_account.pull for current.test
2022-05-04 12:16:03,255 INFO scheduler Scheduled Job Complete: frappe.email.doctype.email_account.email_account.pull for current.test
2022-05-04 12:16:03,315 INFO scheduler Scheduled Job Start: frappe.email.queue.flush for current.test
2022-05-04 12:16:03,556 INFO scheduler Scheduled Job Complete: frappe.email.queue.flush for current.test
2022-05-04 12:17:01,253 DEBUG scheduler Queued events for site current.test
2022-05-04 12:18:01,524 DEBUG scheduler Queued events for site current.test
2022-05-04 12:19:01,769 DEBUG scheduler Queued events for site current.test
2022-05-04 12:20:02,192 DEBUG scheduler Queued events for site current.test
2022-05-04 12:20:02,208 INFO scheduler Scheduled Job Start: frappe.monitor.flush for current.test
2022-05-04 12:20:02,457 INFO scheduler Scheduled Job Complete: frappe.monitor.flush for current.test
2022-05-04 12:20:02,655 INFO scheduler Scheduled Job Start: frappe.utils.global_search.sync_global_search for current.test
2022-05-04 12:20:03,000 INFO scheduler Scheduled Job Complete: frappe.utils.global_search.sync_global_search for current.test
2022-05-04 12:20:03,259 INFO scheduler Scheduled Job Start: frappe.integrations.doctype.razorpay_settings.razorpay_settings.capture_payment for current.test
2022-05-04 12:20:03,864 INFO scheduler Scheduled Job Complete: frappe.integrations.doctype.razorpay_settings.razorpay_settings.capture_payment for current.test
2022-05-04 12:20:04,055 INFO scheduler Scheduled Job Start: frappe.email.doctype.email_account.email_account.notify_unreplied for current.test
2022-05-04 12:20:04,515 INFO scheduler Scheduled Job Complete: frappe.email.doctype.email_account.email_account.notify_unreplied for current.test
2022-05-04 12:20:04,719 INFO scheduler Scheduled Job Start: frappe.email.doctype.email_account.email_account.pull for current.test
2022-05-04 12:20:05,201 INFO scheduler Scheduled Job Complete: frappe.email.doctype.email_account.email_account.pull for current.test
2022-05-04 12:20:05,393 INFO scheduler Scheduled Job Start: frappe.email.queue.flush for current.test
2022-05-04 12:20:05,777 INFO scheduler Scheduled Job Complete: frappe.email.queue.flush for current.test
2022-05-04 12:21:02,522 DEBUG scheduler Queued events for site current.test
2022-05-04 12:22:02,792 DEBUG scheduler Queued events for site current.test
2022-05-04 12:23:03,050 DEBUG scheduler Queued events for site current.test
2022-05-04 12:24:03,489 INFO scheduler Scheduled Job Start: frappe.monitor.flush for current.test
2022-05-04 12:24:03,490 DEBUG scheduler Queued events for site current.test
2022-05-04 12:24:03,654 INFO scheduler Scheduled Job Complete: frappe.monitor.flush for current.test
2022-05-04 12:24:03,715 INFO scheduler Scheduled Job Start: frappe.utils.global_search.sync_global_search for current.test
2022-05-04 12:24:03,923 INFO scheduler Scheduled Job Complete: frappe.utils.global_search.sync_global_search for current.test
2022-05-04 12:24:04,092 INFO scheduler Scheduled Job Start: frappe.integrations.doctype.razorpay_settings.razorpay_settings.capture_payment for current.test
2022-05-04 12:24:04,580 INFO scheduler Scheduled Job Complete: frappe.integrations.doctype.razorpay_settings.razorpay_settings.capture_payment for current.test
2022-05-04 12:24:04,766 INFO scheduler Scheduled Job Start: frappe.email.doctype.email_account.email_account.notify_unreplied for current.test
2022-05-04 12:24:05,219 INFO scheduler Scheduled Job Complete: frappe.email.doctype.email_account.email_account.notify_unreplied for current.test
2022-05-04 12:24:05,315 INFO scheduler Scheduled Job Start: frappe.email.doctype.email_account.email_account.pull for current.test
2022-05-04 12:24:05,767 INFO scheduler Scheduled Job Complete: frappe.email.doctype.email_account.email_account.pull for current.test
2022-05-04 12:24:05,914 INFO scheduler Scheduled Job Start: frappe.email.queue.flush for current.test
2022-05-04 12:24:06,307 INFO scheduler Scheduled Job Complete: frappe.email.queue.flush for current.test
2022-05-04 12:25:04,263 DEBUG scheduler Queued events for site current.test
2022-05-04 12:26:04,683 DEBUG scheduler Queued events for site current.test
2022-05-04 12:27:05,083 DEBUG scheduler Queued events for site current.test
2022-05-04 12:28:05,625 DEBUG scheduler Queued events for site current.test
2022-05-04 12:28:05,649 INFO scheduler Scheduled Job Start: frappe.monitor.flush for current.test
2022-05-04 12:28:05,831 INFO scheduler Scheduled Job Complete: frappe.monitor.flush for current.test
2022-05-04 12:28:05,923 INFO scheduler Scheduled Job Start: frappe.utils.global_search.sync_global_search for current.test
2022-05-04 12:28:06,208 INFO scheduler Scheduled Job Complete: frappe.utils.global_search.sync_global_search for current.test
2022-05-04 12:28:06,332 INFO scheduler Scheduled Job Start: frappe.integrations.doctype.razorpay_settings.razorpay_settings.capture_payment for current.test
2022-05-04 12:28:06,799 INFO scheduler Scheduled Job Complete: frappe.integrations.doctype.razorpay_settings.razorpay_settings.capture_payment for current.test
2022-05-04 12:28:06,926 INFO scheduler Scheduled Job Start: frappe.email.doctype.email_account.email_account.notify_unreplied for current.test
2022-05-04 12:28:07,462 INFO scheduler Scheduled Job Complete: frappe.email.doctype.email_account.email_account.notify_unreplied for current.test
2022-05-04 12:28:07,528 INFO scheduler Scheduled Job Start: frappe.email.doctype.email_account.email_account.pull for current.test
2022-05-04 12:28:07,855 INFO scheduler Scheduled Job Complete: frappe.email.doctype.email_account.email_account.pull for current.test
2022-05-04 12:28:07,988 INFO scheduler Scheduled Job Start: frappe.email.queue.flush for current.test
2022-05-04 12:28:08,203 INFO scheduler Scheduled Job Complete: frappe.email.queue.flush for current.test
2022-05-04 12:29:05,911 DEBUG scheduler Queued events for site current.test
2022-05-04 12:30:06,233 DEBUG scheduler Queued events for site current.test
2022-05-04 12:30:06,269 INFO scheduler Scheduled Job Start: frappe.twofactor.delete_all_barcodes_for_users for current.test
2022-05-04 12:30:06,588 INFO scheduler Scheduled Job Complete: frappe.twofactor.delete_all_barcodes_for_users for current.test
2022-05-04 12:30:06,650 INFO scheduler Scheduled Job Start: frappe.website.doctype.web_page.web_page.check_publish_status for current.test
2022-05-04 12:30:07,370 INFO scheduler Scheduled Job Complete: frappe.website.doctype.web_page.web_page.check_publish_status for current.test
2022-05-04 12:30:07,555 INFO scheduler Scheduled Job Start: frappe.oauth.delete_oauth2_data for current.test
2022-05-04 12:30:08,058 INFO scheduler Scheduled Job Complete: frappe.oauth.delete_oauth2_data for current.test
2022-05-04 12:31:06,591 DEBUG scheduler Queued events for site current.test
2022-05-04 12:32:07,059 DEBUG scheduler Queued events for site current.test
2022-05-04 12:32:07,074 INFO scheduler Scheduled Job Start: frappe.monitor.flush for current.test
2022-05-04 12:32:07,209 INFO scheduler Scheduled Job Complete: frappe.monitor.flush for current.test
2022-05-04 12:32:07,267 INFO scheduler Scheduled Job Start: frappe.utils.global_search.sync_global_search for current.test
2022-05-04 12:32:07,459 INFO scheduler Scheduled Job Complete: frappe.utils.global_search.sync_global_search for current.test
2022-05-04 12:32:07,639 INFO scheduler Scheduled Job Start: frappe.integrations.doctype.razorpay_settings.razorpay_settings.capture_payment for current.test
2022-05-04 12:32:07,989 INFO scheduler Scheduled Job Complete: frappe.integrations.doctype.razorpay_settings.razorpay_settings.capture_payment for current.test
2022-05-04 12:32:08,161 INFO scheduler Scheduled Job Start: frappe.email.doctype.email_account.email_account.notify_unreplied for current.test
2022-05-04 12:32:08,649 INFO scheduler Scheduled Job Complete: frappe.email.doctype.email_account.email_account.notify_unreplied for current.test
2022-05-04 12:32:08,828 INFO scheduler Scheduled Job Start: frappe.email.doctype.email_account.email_account.pull for current.test
2022-05-04 12:32:09,487 INFO scheduler Scheduled Job Complete: frappe.email.doctype.email_account.email_account.pull for current.test
2022-05-04 12:32:09,692 INFO scheduler Scheduled Job Start: frappe.email.queue.flush for current.test
2022-05-04 12:32:10,076 INFO scheduler Scheduled Job Complete: frappe.email.queue.flush for current.test
2022-05-04 12:33:07,404 DEBUG scheduler Queued events for site current.test
2022-05-04 12:34:07,727 DEBUG scheduler Queued events for site current.test
2022-05-04 12:35:07,951 DEBUG scheduler Queued events for site current.test
2022-05-04 12:36:08,485 INFO scheduler Scheduled Job Start: frappe.monitor.flush for current.test
2022-05-04 12:36:08,487 DEBUG scheduler Queued events for site current.test
2022-05-04 12:36:08,635 INFO scheduler Scheduled Job Complete: frappe.monitor.flush for current.test
2022-05-04 12:36:08,690 INFO scheduler Scheduled Job Start: frappe.utils.global_search.sync_global_search for current.test
2022-05-04 12:36:08,916 INFO scheduler Scheduled Job Complete: frappe.utils.global_search.sync_global_search for current.test
2022-05-04 12:36:09,091 INFO scheduler Scheduled Job Start: frappe.integrations.doctype.razorpay_settings.razorpay_settings.capture_payment for current.test
2022-05-04 12:36:09,456 INFO scheduler Scheduled Job Complete: frappe.integrations.doctype.razorpay_settings.razorpay_settings.capture_payment for current.test
2022-05-04 12:36:09,646 INFO scheduler Scheduled Job Start: frappe.email.doctype.email_account.email_account.notify_unreplied for current.test
2022-05-04 12:36:10,068 INFO scheduler Scheduled Job Complete: frappe.email.doctype.email_account.email_account.notify_unreplied for current.test
2022-05-04 12:36:10,233 INFO scheduler Scheduled Job Start: frappe.email.doctype.email_account.email_account.pull for current.test
2022-05-04 12:36:10,757 INFO scheduler Scheduled Job Complete: frappe.email.doctype.email_account.email_account.pull for current.test
2022-05-04 12:36:10,919 INFO scheduler Scheduled Job Start: frappe.email.queue.flush for current.test
2022-05-04 12:36:11,204 INFO scheduler Scheduled Job Complete: frappe.email.queue.flush for current.test
2022-05-04 12:37:08,750 DEBUG scheduler Queued events for site current.test
2022-05-04 12:38:09,065 DEBUG scheduler Queued events for site current.test
2022-05-04 12:39:09,338 DEBUG scheduler Queued events for site current.test
2022-05-04 12:40:09,744 DEBUG scheduler Queued events for site current.test
2022-05-04 12:40:09,753 INFO scheduler Scheduled Job Start: frappe.monitor.flush for current.test
2022-05-04 12:40:09,956 INFO scheduler Scheduled Job Complete: frappe.monitor.flush for current.test
2022-05-04 12:40:10,015 INFO scheduler Scheduled Job Start: frappe.utils.global_search.sync_global_search for current.test
2022-05-04 12:40:10,172 INFO scheduler Scheduled Job Complete: frappe.utils.global_search.sync_global_search for current.test
2022-05-04 12:40:10,284 INFO scheduler Scheduled Job Start: frappe.integrations.doctype.razorpay_settings.razorpay_settings.capture_payment for current.test
2022-05-04 12:40:10,544 INFO scheduler Scheduled Job Complete: frappe.integrations.doctype.razorpay_settings.razorpay_settings.capture_payment for current.test
2022-05-04 12:40:10,743 INFO scheduler Scheduled Job Start: frappe.email.doctype.email_account.email_account.notify_unreplied for current.test
2022-05-04 12:40:11,237 INFO scheduler Scheduled Job Complete: frappe.email.doctype.email_account.email_account.notify_unreplied for current.test
2022-05-04 12:40:11,347 INFO scheduler Scheduled Job Start: frappe.email.doctype.email_account.email_account.pull for current.test
2022-05-04 12:40:11,654 INFO scheduler Scheduled Job Complete: frappe.email.doctype.email_account.email_account.pull for current.test
2022-05-04 12:40:11,706 INFO scheduler Scheduled Job Start: frappe.email.queue.flush for current.test
2022-05-04 12:40:11,913 INFO scheduler Scheduled Job Complete: frappe.email.queue.flush for current.test
2022-05-04 12:41:10,096 DEBUG scheduler Queued events for site current.test
2022-05-04 12:42:10,307 DEBUG scheduler Queued events for site current.test
2022-05-04 12:43:10,511 DEBUG scheduler Queued events for site current.test
2022-05-04 12:44:10,873 DEBUG scheduler Queued events for site current.test
2022-05-04 12:44:10,884 INFO scheduler Scheduled Job Start: frappe.monitor.flush for current.test
2022-05-04 12:44:11,027 INFO scheduler Scheduled Job Complete: frappe.monitor.flush for current.test
2022-05-04 12:44:11,080 INFO scheduler Scheduled Job Start: frappe.utils.global_search.sync_global_search for current.test
2022-05-04 12:44:11,231 INFO scheduler Scheduled Job Complete: frappe.utils.global_search.sync_global_search for current.test
2022-05-04 12:44:11,366 INFO scheduler Scheduled Job Start: frappe.integrations.doctype.razorpay_settings.razorpay_settings.capture_payment for current.test
2022-05-04 12:44:11,695 INFO scheduler Scheduled Job Complete: frappe.integrations.doctype.razorpay_settings.razorpay_settings.capture_payment for current.test
2022-05-04 12:44:11,856 INFO scheduler Scheduled Job Start: frappe.email.doctype.email_account.email_account.notify_unreplied for current.test
2022-05-04 12:44:12,283 INFO scheduler Scheduled Job Complete: frappe.email.doctype.email_account.email_account.notify_unreplied for current.test
2022-05-04 12:44:12,412 INFO scheduler Scheduled Job Start: frappe.email.doctype.email_account.email_account.pull for current.test
2022-05-04 12:44:12,954 INFO scheduler Scheduled Job Complete: frappe.email.doctype.email_account.email_account.pull for current.test
2022-05-04 12:44:13,106 INFO scheduler Scheduled Job Start: frappe.email.queue.flush for current.test
2022-05-04 12:44:13,518 INFO scheduler Scheduled Job Complete: frappe.email.queue.flush for current.test
2022-05-04 12:45:11,238 DEBUG scheduler Queued events for site current.test
2022-05-04 12:45:11,297 INFO scheduler Scheduled Job Start: frappe.twofactor.delete_all_barcodes_for_users for current.test
2022-05-04 12:45:11,537 INFO scheduler Scheduled Job Complete: frappe.twofactor.delete_all_barcodes_for_users for current.test
2022-05-04 12:45:11,603 INFO scheduler Scheduled Job Start: frappe.website.doctype.web_page.web_page.check_publish_status for current.test
2022-05-04 12:45:12,235 INFO scheduler Scheduled Job Complete: frappe.website.doctype.web_page.web_page.check_publish_status for current.test
2022-05-04 12:45:12,461 INFO scheduler Scheduled Job Start: frappe.oauth.delete_oauth2_data for current.test
2022-05-04 12:45:12,920 INFO scheduler Scheduled Job Complete: frappe.oauth.delete_oauth2_data for current.test
2022-05-04 12:46:11,568 DEBUG scheduler Queued events for site current.test
2022-05-04 12:47:11,801 DEBUG scheduler Queued events for site current.test
2022-05-04 12:48:12,280 DEBUG scheduler Queued events for site current.test
2022-05-04 12:48:12,288 INFO scheduler Scheduled Job Start: frappe.monitor.flush for current.test
2022-05-04 12:48:12,454 INFO scheduler Scheduled Job Complete: frappe.monitor.flush for current.test
2022-05-04 12:48:12,508 INFO scheduler Scheduled Job Start: frappe.utils.global_search.sync_global_search for current.test
2022-05-04 12:48:12,666 INFO scheduler Scheduled Job Complete: frappe.utils.global_search.sync_global_search for current.test
2022-05-04 12:48:12,781 INFO scheduler Scheduled Job Start: frappe.integrations.doctype.razorpay_settings.razorpay_settings.capture_payment for current.test
2022-05-04 12:48:13,028 INFO scheduler Scheduled Job Complete: frappe.integrations.doctype.razorpay_settings.razorpay_settings.capture_payment for current.test
2022-05-04 12:48:13,218 INFO scheduler Scheduled Job Start: frappe.email.doctype.email_account.email_account.notify_unreplied for current.test
2022-05-04 12:48:13,756 INFO scheduler Scheduled Job Complete: frappe.email.doctype.email_account.email_account.notify_unreplied for current.test
2022-05-04 12:48:13,870 INFO scheduler Scheduled Job Start: frappe.email.doctype.email_account.email_account.pull for current.test
2022-05-04 12:48:14,150 INFO scheduler Scheduled Job Complete: frappe.email.doctype.email_account.email_account.pull for current.test
2022-05-04 12:48:14,204 INFO scheduler Scheduled Job Start: frappe.email.queue.flush for current.test
2022-05-04 12:48:14,400 INFO scheduler Scheduled Job Complete: frappe.email.queue.flush for current.test
2022-05-04 12:49:12,562 DEBUG scheduler Queued events for site current.test
2022-05-04 12:50:12,840 DEBUG scheduler Queued events for site current.test
2022-05-04 12:51:13,109 DEBUG scheduler Queued events for site current.test
2022-05-04 12:52:13,681 INFO scheduler Scheduled Job Start: frappe.monitor.flush for current.test
2022-05-04 12:52:13,682 DEBUG scheduler Queued events for site current.test
2022-05-04 12:52:13,822 INFO scheduler Scheduled Job Complete: frappe.monitor.flush for current.test
2022-05-04 12:52:13,878 INFO scheduler Scheduled Job Start: frappe.utils.global_search.sync_global_search for current.test
2022-05-04 12:52:14,048 INFO scheduler Scheduled Job Complete: frappe.utils.global_search.sync_global_search for current.test
2022-05-04 12:52:14,149 INFO scheduler Scheduled Job Start: frappe.integrations.doctype.razorpay_settings.razorpay_settings.capture_payment for current.test
2022-05-04 12:52:14,482 INFO scheduler Scheduled Job Complete: frappe.integrations.doctype.razorpay_settings.razorpay_settings.capture_payment for current.test
2022-05-04 12:52:14,734 INFO scheduler Scheduled Job Start: frappe.email.doctype.email_account.email_account.notify_unreplied for current.test
2022-05-04 12:52:15,299 INFO scheduler Scheduled Job Complete: frappe.email.doctype.email_account.email_account.notify_unreplied for current.test
2022-05-04 12:52:15,496 INFO scheduler Scheduled Job Start: frappe.email.doctype.email_account.email_account.pull for current.test
2022-05-04 12:52:15,899 INFO scheduler Scheduled Job Complete: frappe.email.doctype.email_account.email_account.pull for current.test
2022-05-04 12:52:15,980 INFO scheduler Scheduled Job Start: frappe.email.queue.flush for current.test
2022-05-04 12:52:16,489 INFO scheduler Scheduled Job Complete: frappe.email.queue.flush for current.test
2022-05-04 12:53:13,976 DEBUG scheduler Queued events for site current.test
2022-05-04 12:54:14,230 DEBUG scheduler Queued events for site current.test
2022-05-04 12:55:14,530 DEBUG scheduler Queued events for site current.test
2022-05-04 12:56:14,923 INFO scheduler Scheduled Job Start: frappe.monitor.flush for current.test
2022-05-04 12:56:14,926 DEBUG scheduler Queued events for site current.test
2022-05-04 12:56:15,070 INFO scheduler Scheduled Job Complete: frappe.monitor.flush for current.test
2022-05-04 12:56:15,122 INFO scheduler Scheduled Job Start: frappe.utils.global_search.sync_global_search for current.test
2022-05-04 12:56:15,260 INFO scheduler Scheduled Job Complete: frappe.utils.global_search.sync_global_search for current.test
2022-05-04 12:56:15,370 INFO scheduler Scheduled Job Start: frappe.integrations.doctype.razorpay_settings.razorpay_settings.capture_payment for current.test
2022-05-04 12:56:15,649 INFO scheduler Scheduled Job Complete: frappe.integrations.doctype.razorpay_settings.razorpay_settings.capture_payment for current.test
2022-05-04 12:56:15,865 INFO scheduler Scheduled Job Start: frappe.email.doctype.email_account.email_account.notify_unreplied for current.test
2022-05-04 12:56:16,341 INFO scheduler Scheduled Job Complete: frappe.email.doctype.email_account.email_account.notify_unreplied for current.test
2022-05-04 12:56:16,453 INFO scheduler Scheduled Job Start: frappe.email.doctype.email_account.email_account.pull for current.test
2022-05-04 12:56:16,792 INFO scheduler Scheduled Job Complete: frappe.email.doctype.email_account.email_account.pull for current.test
2022-05-04 12:56:16,849 INFO scheduler Scheduled Job Start: frappe.email.queue.flush for current.test
2022-05-04 12:56:17,046 INFO scheduler Scheduled Job Complete: frappe.email.queue.flush for current.test
2022-05-04 12:57:15,211 DEBUG scheduler Queued events for site current.test
2022-05-04 12:58:15,467 DEBUG scheduler Queued events for site current.test
2022-05-04 12:59:15,715 DEBUG scheduler Queued events for site current.test
2022-05-04 13:00:16,081 INFO scheduler Scheduled Job Start: frappe.website.doctype.personal_data_deletion_request.personal_data_deletion_request.process_data_deletion_request for current.test
2022-05-04 13:00:16,477 DEBUG scheduler Queued events for site current.test
2022-05-04 13:00:16,637 INFO scheduler Scheduled Job Complete: frappe.website.doctype.personal_data_deletion_request.personal_data_deletion_request.process_data_deletion_request for current.test
2022-05-04 13:00:16,698 INFO scheduler Scheduled Job Start: frappe.email.doctype.newsletter.newsletter.send_scheduled_email for current.test
2022-05-04 13:00:17,179 INFO scheduler Scheduled Job Complete: frappe.email.doctype.newsletter.newsletter.send_scheduled_email for current.test
2022-05-04 13:00:17,329 INFO scheduler Scheduled Job Start: frappe.integrations.doctype.google_calendar.google_calendar.sync for current.test
2022-05-04 13:00:18,061 INFO scheduler Scheduled Job Complete: frappe.integrations.doctype.google_calendar.google_calendar.sync for current.test
2022-05-04 13:00:18,128 INFO scheduler Scheduled Job Start: frappe.desk.form.document_follow.send_hourly_updates for current.test
2022-05-04 13:00:18,488 INFO scheduler Scheduled Job Complete: frappe.desk.form.document_follow.send_hourly_updates for current.test
2022-05-04 13:00:18,548 INFO scheduler Scheduled Job Start: frappe.deferred_insert.save_to_db for current.test
2022-05-04 13:00:18,821 INFO scheduler Scheduled Job Failed: frappe.deferred_insert.save_to_db for current.test
2022-05-04 13:00:18,987 INFO scheduler Scheduled Job Start: frappe.desk.page.backups.backups.delete_downloadable_backups for current.test
2022-05-04 13:00:19,461 INFO scheduler Scheduled Job Complete: frappe.desk.page.backups.backups.delete_downloadable_backups for current.test
2022-05-04 13:00:19,649 INFO scheduler Scheduled Job Start: frappe.utils.error.collect_error_snapshots for current.test
2022-05-04 13:00:19,954 INFO scheduler Scheduled Job Complete: frappe.utils.error.collect_error_snapshots for current.test
2022-05-04 13:00:20,014 INFO scheduler Scheduled Job Start: frappe.model.utils.user_settings.sync_user_settings for current.test
2022-05-04 13:00:20,366 INFO scheduler Scheduled Job Complete: frappe.model.utils.user_settings.sync_user_settings for current.test
2022-05-04 13:00:20,564 INFO scheduler Scheduled Job Start: frappe.model.utils.link_count.update_link_count for current.test
2022-05-04 13:00:20,969 INFO scheduler Scheduled Job Complete: frappe.model.utils.link_count.update_link_count for current.test
2022-05-04 13:00:21,028 INFO scheduler Scheduled Job Start: frappe.monitor.flush for current.test
2022-05-04 13:00:21,180 INFO scheduler Scheduled Job Complete: frappe.monitor.flush for current.test
2022-05-04 13:00:21,282 INFO scheduler Scheduled Job Start: frappe.utils.global_search.sync_global_search for current.test
2022-05-04 13:00:21,525 INFO scheduler Scheduled Job Complete: frappe.utils.global_search.sync_global_search for current.test
2022-05-04 13:00:21,723 INFO scheduler Scheduled Job Start: frappe.integrations.doctype.razorpay_settings.razorpay_settings.capture_payment for current.test
2022-05-04 13:00:22,181 INFO scheduler Scheduled Job Complete: frappe.integrations.doctype.razorpay_settings.razorpay_settings.capture_payment for current.test
2022-05-04 13:00:22,308 INFO scheduler Scheduled Job Start: frappe.email.doctype.email_account.email_account.notify_unreplied for current.test
2022-05-04 13:00:22,529 INFO scheduler Scheduled Job Complete: frappe.email.doctype.email_account.email_account.notify_unreplied for current.test
2022-05-04 13:00:22,586 INFO scheduler Scheduled Job Start: frappe.email.doctype.email_account.email_account.pull for current.test
2022-05-04 13:00:22,906 INFO scheduler Scheduled Job Complete: frappe.email.doctype.email_account.email_account.pull for current.test
2022-05-04 13:00:23,059 INFO scheduler Scheduled Job Start: frappe.email.queue.flush for current.test
2022-05-04 13:00:23,506 INFO scheduler Scheduled Job Complete: frappe.email.queue.flush for current.test
2022-05-04 13:00:23,560 INFO scheduler Scheduled Job Start: frappe.twofactor.delete_all_barcodes_for_users for current.test
2022-05-04 13:00:23,873 INFO scheduler Scheduled Job Complete: frappe.twofactor.delete_all_barcodes_for_users for current.test
2022-05-04 13:00:23,933 INFO scheduler Scheduled Job Start: frappe.website.doctype.web_page.web_page.check_publish_status for current.test
2022-05-04 13:00:24,520 INFO scheduler Scheduled Job Complete: frappe.website.doctype.web_page.web_page.check_publish_status for current.test
2022-05-04 13:00:24,640 INFO scheduler Scheduled Job Start: frappe.oauth.delete_oauth2_data for current.test
2022-05-04 13:00:24,962 INFO scheduler Scheduled Job Complete: frappe.oauth.delete_oauth2_data for current.test
2022-05-04 13:01:16,812 DEBUG scheduler Queued events for site current.test
2022-05-04 13:02:17,073 DEBUG scheduler Queued events for site current.test
2022-05-04 13:03:17,349 DEBUG scheduler Queued events for site current.test
2022-05-04 13:04:17,755 DEBUG scheduler Queued events for site current.test
2022-05-04 13:04:17,767 INFO scheduler Scheduled Job Start: frappe.monitor.flush for current.test
2022-05-04 13:04:18,050 INFO scheduler Scheduled Job Complete: frappe.monitor.flush for current.test
2022-05-04 13:04:18,147 INFO scheduler Scheduled Job Start: frappe.utils.global_search.sync_global_search for current.test
2022-05-04 13:04:18,369 INFO scheduler Scheduled Job Complete: frappe.utils.global_search.sync_global_search for current.test
2022-05-04 13:04:18,494 INFO scheduler Scheduled Job Start: frappe.integrations.doctype.razorpay_settings.razorpay_settings.capture_payment for current.test
2022-05-04 13:04:18,900 INFO scheduler Scheduled Job Complete: frappe.integrations.doctype.razorpay_settings.razorpay_settings.capture_payment for current.test
2022-05-04 13:04:19,056 INFO scheduler Scheduled Job Start: frappe.email.doctype.email_account.email_account.notify_unreplied for current.test
2022-05-04 13:04:19,552 INFO scheduler Scheduled Job Complete: frappe.email.doctype.email_account.email_account.notify_unreplied for current.test
2022-05-04 13:04:19,607 INFO scheduler Scheduled Job Start: frappe.email.doctype.email_account.email_account.pull for current.test
2022-05-04 13:04:19,869 INFO scheduler Scheduled Job Complete: frappe.email.doctype.email_account.email_account.pull for current.test
2022-05-04 13:04:20,004 INFO scheduler Scheduled Job Start: frappe.email.queue.flush for current.test
2022-05-04 13:04:20,267 INFO scheduler Scheduled Job Complete: frappe.email.queue.flush for current.test
2022-05-04 13:05:18,026 DEBUG scheduler Queued events for site current.test
2022-05-04 13:06:18,279 DEBUG scheduler Queued events for site current.test
2022-05-04 13:07:18,499 DEBUG scheduler Queued events for site current.test
2022-05-04 13:08:18,912 DEBUG scheduler Queued events for site current.test
2022-05-04 13:08:18,923 INFO scheduler Scheduled Job Start: frappe.monitor.flush for current.test
2022-05-04 13:08:19,057 INFO scheduler Scheduled Job Complete: frappe.monitor.flush for current.test
2022-05-04 13:08:19,108 INFO scheduler Scheduled Job Start: frappe.utils.global_search.sync_global_search for current.test
2022-05-04 13:08:19,261 INFO scheduler Scheduled Job Complete: frappe.utils.global_search.sync_global_search for current.test
2022-05-04 13:08:19,360 INFO scheduler Scheduled Job Start: frappe.integrations.doctype.razorpay_settings.razorpay_settings.capture_payment for current.test
2022-05-04 13:08:19,618 INFO scheduler Scheduled Job Complete: frappe.integrations.doctype.razorpay_settings.razorpay_settings.capture_payment for current.test
2022-05-04 13:08:19,803 INFO scheduler Scheduled Job Start: frappe.email.doctype.email_account.email_account.notify_unreplied for current.test
2022-05-04 13:08:20,289 INFO scheduler Scheduled Job Complete: frappe.email.doctype.email_account.email_account.notify_unreplied for current.test
2022-05-04 13:08:20,418 INFO scheduler Scheduled Job Start: frappe.email.doctype.email_account.email_account.pull for current.test
2022-05-04 13:08:20,736 INFO scheduler Scheduled Job Complete: frappe.email.doctype.email_account.email_account.pull for current.test
2022-05-04 13:08:20,788 INFO scheduler Scheduled Job Start: frappe.email.queue.flush for current.test
2022-05-04 13:08:20,986 INFO scheduler Scheduled Job Complete: frappe.email.queue.flush for current.test
2022-05-04 13:09:19,180 DEBUG scheduler Queued events for site current.test
2022-05-04 13:10:19,459 DEBUG scheduler Queued events for site current.test
2022-05-04 13:11:19,713 DEBUG scheduler Queued events for site current.test
2022-05-04 13:12:20,164 INFO scheduler Scheduled Job Start: frappe.monitor.flush for current.test
2022-05-04 13:12:20,168 DEBUG scheduler Queued events for site current.test
2022-05-04 13:12:20,335 INFO scheduler Scheduled Job Complete: frappe.monitor.flush for current.test
2022-05-04 13:12:20,389 INFO scheduler Scheduled Job Start: frappe.utils.global_search.sync_global_search for current.test
2022-05-04 13:12:20,541 INFO scheduler Scheduled Job Complete: frappe.utils.global_search.sync_global_search for current.test
2022-05-04 13:12:20,651 INFO scheduler Scheduled Job Start: frappe.integrations.doctype.razorpay_settings.razorpay_settings.capture_payment for current.test
2022-05-04 13:12:20,906 INFO scheduler Scheduled Job Complete: frappe.integrations.doctype.razorpay_settings.razorpay_settings.capture_payment for current.test
2022-05-04 13:12:21,067 INFO scheduler Scheduled Job Start: frappe.email.doctype.email_account.email_account.notify_unreplied for current.test
2022-05-04 13:12:21,660 INFO scheduler Scheduled Job Complete: frappe.email.doctype.email_account.email_account.notify_unreplied for current.test
2022-05-04 13:12:21,778 INFO scheduler Scheduled Job Start: frappe.email.doctype.email_account.email_account.pull for current.test
2022-05-04 13:12:22,089 INFO scheduler Scheduled Job Complete: frappe.email.doctype.email_account.email_account.pull for current.test
2022-05-04 13:12:22,141 INFO scheduler Scheduled Job Start: frappe.email.queue.flush for current.test
2022-05-04 13:12:22,325 INFO scheduler Scheduled Job Complete: frappe.email.queue.flush for current.test
2022-05-04 13:13:20,471 DEBUG scheduler Queued events for site current.test
2022-05-04 13:14:20,720 DEBUG scheduler Queued events for site current.test
2022-05-04 13:15:21,019 DEBUG scheduler Queued events for site current.test
2022-05-04 13:15:21,066 INFO scheduler Scheduled Job Start: frappe.twofactor.delete_all_barcodes_for_users for current.test
2022-05-04 13:15:21,259 INFO scheduler Scheduled Job Complete: frappe.twofactor.delete_all_barcodes_for_users for current.test
2022-05-04 13:15:21,318 INFO scheduler Scheduled Job Start: frappe.website.doctype.web_page.web_page.check_publish_status for current.test
2022-05-04 13:15:21,963 INFO scheduler Scheduled Job Complete: frappe.website.doctype.web_page.web_page.check_publish_status for current.test
2022-05-04 13:15:22,146 INFO scheduler Scheduled Job Start: frappe.oauth.delete_oauth2_data for current.test
2022-05-04 13:15:22,654 INFO scheduler Scheduled Job Complete: frappe.oauth.delete_oauth2_data for current.test
2022-05-04 13:16:21,450 DEBUG scheduler Queued events for site current.test
2022-05-04 13:16:21,449 INFO scheduler Scheduled Job Start: frappe.monitor.flush for current.test
2022-05-04 13:16:21,610 INFO scheduler Scheduled Job Complete: frappe.monitor.flush for current.test
2022-05-04 13:16:21,682 INFO scheduler Scheduled Job Start: frappe.utils.global_search.sync_global_search for current.test
2022-05-04 13:16:21,891 INFO scheduler Scheduled Job Complete: frappe.utils.global_search.sync_global_search for current.test
2022-05-04 13:16:22,006 INFO scheduler Scheduled Job Start: frappe.integrations.doctype.razorpay_settings.razorpay_settings.capture_payment for current.test
2022-05-04 13:16:22,572 INFO scheduler Scheduled Job Complete: frappe.integrations.doctype.razorpay_settings.razorpay_settings.capture_payment for current.test
2022-05-04 13:16:22,775 INFO scheduler Scheduled Job Start: frappe.email.doctype.email_account.email_account.notify_unreplied for current.test
2022-05-04 13:16:23,114 INFO scheduler Scheduled Job Complete: frappe.email.doctype.email_account.email_account.notify_unreplied for current.test
2022-05-04 13:16:23,174 INFO scheduler Scheduled Job Start: frappe.email.doctype.email_account.email_account.pull for current.test
2022-05-04 13:16:23,459 INFO scheduler Scheduled Job Complete: frappe.email.doctype.email_account.email_account.pull for current.test
2022-05-04 13:16:23,528 INFO scheduler Scheduled Job Start: frappe.email.queue.flush for current.test
2022-05-04 13:16:23,905 INFO scheduler Scheduled Job Complete: frappe.email.queue.flush for current.test
2022-05-04 13:17:21,722 DEBUG scheduler Queued events for site current.test
2022-05-04 13:18:21,955 DEBUG scheduler Queued events for site current.test
2022-05-04 13:19:22,267 DEBUG scheduler Queued events for site current.test
2022-05-04 13:20:22,631 DEBUG scheduler Queued events for site current.test
2022-05-04 13:20:22,637 INFO scheduler Scheduled Job Start: frappe.monitor.flush for current.test
2022-05-04 13:20:22,771 INFO scheduler Scheduled Job Complete: frappe.monitor.flush for current.test
2022-05-04 13:20:22,823 INFO scheduler Scheduled Job Start: frappe.utils.global_search.sync_global_search for current.test
2022-05-04 13:20:22,982 INFO scheduler Scheduled Job Complete: frappe.utils.global_search.sync_global_search for current.test
2022-05-04 13:20:23,104 INFO scheduler Scheduled Job Start: frappe.integrations.doctype.razorpay_settings.razorpay_settings.capture_payment for current.test
2022-05-04 13:20:23,545 INFO scheduler Scheduled Job Complete: frappe.integrations.doctype.razorpay_settings.razorpay_settings.capture_payment for current.test
2022-05-04 13:20:23,757 INFO scheduler Scheduled Job Start: frappe.email.doctype.email_account.email_account.notify_unreplied for current.test
2022-05-04 13:20:24,116 INFO scheduler Scheduled Job Complete: frappe.email.doctype.email_account.email_account.notify_unreplied for current.test
2022-05-04 13:20:24,246 INFO scheduler Scheduled Job Start: frappe.email.doctype.email_account.email_account.pull for current.test
2022-05-04 13:20:24,547 INFO scheduler Scheduled Job Complete: frappe.email.doctype.email_account.email_account.pull for current.test
2022-05-04 13:20:24,600 INFO scheduler Scheduled Job Start: frappe.email.queue.flush for current.test
2022-05-04 13:20:24,918 INFO scheduler Scheduled Job Complete: frappe.email.queue.flush for current.test
2022-05-04 13:21:22,918 DEBUG scheduler Queued events for site current.test
2022-05-04 13:22:23,250 DEBUG scheduler Queued events for site current.test
2022-05-04 13:23:23,484 DEBUG scheduler Queued events for site current.test
2022-05-04 13:24:23,863 DEBUG scheduler Queued events for site current.test
2022-05-04 13:24:23,869 INFO scheduler Scheduled Job Start: frappe.monitor.flush for current.test
2022-05-04 13:24:24,007 INFO scheduler Scheduled Job Complete: frappe.monitor.flush for current.test
2022-05-04 13:24:24,059 INFO scheduler Scheduled Job Start: frappe.utils.global_search.sync_global_search for current.test
2022-05-04 13:24:24,198 INFO scheduler Scheduled Job Complete: frappe.utils.global_search.sync_global_search for current.test
2022-05-04 13:24:24,314 INFO scheduler Scheduled Job Start: frappe.integrations.doctype.razorpay_settings.razorpay_settings.capture_payment for current.test
2022-05-04 13:24:24,667 INFO scheduler Scheduled Job Complete: frappe.integrations.doctype.razorpay_settings.razorpay_settings.capture_payment for current.test
2022-05-04 13:24:24,840 INFO scheduler Scheduled Job Start: frappe.email.doctype.email_account.email_account.notify_unreplied for current.test
2022-05-04 13:24:25,253 INFO scheduler Scheduled Job Complete: frappe.email.doctype.email_account.email_account.notify_unreplied for current.test
2022-05-04 13:24:25,388 INFO scheduler Scheduled Job Start: frappe.email.doctype.email_account.email_account.pull for current.test
2022-05-04 13:24:25,694 INFO scheduler Scheduled Job Complete: frappe.email.doctype.email_account.email_account.pull for current.test
2022-05-04 13:24:25,791 INFO scheduler Scheduled Job Start: frappe.email.queue.flush for current.test
2022-05-04 13:24:26,086 INFO scheduler Scheduled Job Complete: frappe.email.queue.flush for current.test
2022-05-04 13:25:24,115 DEBUG scheduler Queued events for site current.test
2022-05-04 13:26:24,402 DEBUG scheduler Queued events for site current.test
2022-05-04 13:27:24,657 DEBUG scheduler Queued events for site current.test
2022-05-04 13:28:25,118 DEBUG scheduler Queued events for site current.test
2022-05-04 13:28:25,126 INFO scheduler Scheduled Job Start: frappe.monitor.flush for current.test
2022-05-04 13:28:25,308 INFO scheduler Scheduled Job Complete: frappe.monitor.flush for current.test
2022-05-04 13:28:25,362 INFO scheduler Scheduled Job Start: frappe.utils.global_search.sync_global_search for current.test
2022-05-04 13:28:25,512 INFO scheduler Scheduled Job Complete: frappe.utils.global_search.sync_global_search for current.test
2022-05-04 13:28:25,622 INFO scheduler Scheduled Job Start: frappe.integrations.doctype.razorpay_settings.razorpay_settings.capture_payment for current.test
2022-05-04 13:28:25,879 INFO scheduler Scheduled Job Complete: frappe.integrations.doctype.razorpay_settings.razorpay_settings.capture_payment for current.test
2022-05-04 13:28:26,068 INFO scheduler Scheduled Job Start: frappe.email.doctype.email_account.email_account.notify_unreplied for current.test
2022-05-04 13:28:26,555 INFO scheduler Scheduled Job Complete: frappe.email.doctype.email_account.email_account.notify_unreplied for current.test
2022-05-04 13:28:26,658 INFO scheduler Scheduled Job Start: frappe.email.doctype.email_account.email_account.pull for current.test
2022-05-04 13:28:26,971 INFO scheduler Scheduled Job Complete: frappe.email.doctype.email_account.email_account.pull for current.test
2022-05-04 13:28:27,023 INFO scheduler Scheduled Job Start: frappe.email.queue.flush for current.test
2022-05-04 13:28:27,224 INFO scheduler Scheduled Job Complete: frappe.email.queue.flush for current.test
2022-05-04 13:29:25,483 DEBUG scheduler Queued events for site current.test
2022-05-04 13:30:25,786 DEBUG scheduler Queued events for site current.test
2022-05-04 13:30:25,834 INFO scheduler Scheduled Job Start: frappe.twofactor.delete_all_barcodes_for_users for current.test
2022-05-04 13:30:26,039 INFO scheduler Scheduled Job Complete: frappe.twofactor.delete_all_barcodes_for_users for current.test
2022-05-04 13:30:26,100 INFO scheduler Scheduled Job Start: frappe.website.doctype.web_page.web_page.check_publish_status for current.test
2022-05-04 13:30:26,611 INFO scheduler Scheduled Job Complete: frappe.website.doctype.web_page.web_page.check_publish_status for current.test
2022-05-04 13:30:26,863 INFO scheduler Scheduled Job Start: frappe.oauth.delete_oauth2_data for current.test
2022-05-04 13:30:27,444 INFO scheduler Scheduled Job Complete: frappe.oauth.delete_oauth2_data for current.test
2022-05-04 13:31:26,069 DEBUG scheduler Queued events for site current.test
2022-05-04 13:32:26,466 DEBUG scheduler Queued events for site current.test
2022-05-04 13:32:26,496 INFO scheduler Scheduled Job Start: frappe.monitor.flush for current.test
2022-05-04 13:32:26,711 INFO scheduler Scheduled Job Complete: frappe.monitor.flush for current.test
2022-05-04 13:32:26,765 INFO scheduler Scheduled Job Start: frappe.utils.global_search.sync_global_search for current.test
2022-05-04 13:32:26,907 INFO scheduler Scheduled Job Complete: frappe.utils.global_search.sync_global_search for current.test
2022-05-04 13:32:27,003 INFO scheduler Scheduled Job Start: frappe.integrations.doctype.razorpay_settings.razorpay_settings.capture_payment for current.test
2022-05-04 13:32:27,272 INFO scheduler Scheduled Job Complete: frappe.integrations.doctype.razorpay_settings.razorpay_settings.capture_payment for current.test
2022-05-04 13:32:27,428 INFO scheduler Scheduled Job Start: frappe.email.doctype.email_account.email_account.notify_unreplied for current.test
2022-05-04 13:32:27,916 INFO scheduler Scheduled Job Complete: frappe.email.doctype.email_account.email_account.notify_unreplied for current.test
2022-05-04 13:32:28,083 INFO scheduler Scheduled Job Start: frappe.email.doctype.email_account.email_account.pull for current.test
2022-05-04 13:32:28,390 INFO scheduler Scheduled Job Complete: frappe.email.doctype.email_account.email_account.pull for current.test
2022-05-04 13:32:28,444 INFO scheduler Scheduled Job Start: frappe.email.queue.flush for current.test
2022-05-04 13:32:28,631 INFO scheduler Scheduled Job Complete: frappe.email.queue.flush for current.test
2022-05-04 14:15:50,071 INFO scheduler Scheduled Job Start: frappe.website.doctype.personal_data_deletion_request.personal_data_deletion_request.process_data_deletion_request for current.test
2022-05-04 14:15:50,468 DEBUG scheduler Queued events for site current.test
2022-05-04 14:15:50,596 INFO scheduler Scheduled Job Complete: frappe.website.doctype.personal_data_deletion_request.personal_data_deletion_request.process_data_deletion_request for current.test
2022-05-04 14:15:50,658 INFO scheduler Scheduled Job Start: frappe.email.doctype.newsletter.newsletter.send_scheduled_email for current.test
2022-05-04 14:15:50,889 INFO scheduler Scheduled Job Complete: frappe.email.doctype.newsletter.newsletter.send_scheduled_email for current.test
2022-05-04 14:15:51,024 INFO scheduler Scheduled Job Start: frappe.integrations.doctype.google_calendar.google_calendar.sync for current.test
2022-05-04 14:15:51,657 INFO scheduler Scheduled Job Complete: frappe.integrations.doctype.google_calendar.google_calendar.sync for current.test
2022-05-04 14:15:51,853 INFO scheduler Scheduled Job Start: frappe.desk.form.document_follow.send_hourly_updates for current.test
2022-05-04 14:15:52,350 INFO scheduler Scheduled Job Complete: frappe.desk.form.document_follow.send_hourly_updates for current.test
2022-05-04 14:15:52,438 INFO scheduler Scheduled Job Start: frappe.deferred_insert.save_to_db for current.test
2022-05-04 14:15:52,734 INFO scheduler Scheduled Job Failed: frappe.deferred_insert.save_to_db for current.test
2022-05-04 14:15:52,848 INFO scheduler Scheduled Job Start: frappe.desk.page.backups.backups.delete_downloadable_backups for current.test
2022-05-04 14:15:53,211 INFO scheduler Scheduled Job Complete: frappe.desk.page.backups.backups.delete_downloadable_backups for current.test
2022-05-04 14:15:53,275 INFO scheduler Scheduled Job Start: frappe.utils.error.collect_error_snapshots for current.test
2022-05-04 14:15:53,603 INFO scheduler Scheduled Job Complete: frappe.utils.error.collect_error_snapshots for current.test
2022-05-04 14:15:53,749 INFO scheduler Scheduled Job Start: frappe.model.utils.user_settings.sync_user_settings for current.test
2022-05-04 14:15:54,302 INFO scheduler Scheduled Job Complete: frappe.model.utils.user_settings.sync_user_settings for current.test
2022-05-04 14:15:54,426 INFO scheduler Scheduled Job Start: frappe.model.utils.link_count.update_link_count for current.test
2022-05-04 14:15:54,853 INFO scheduler Scheduled Job Complete: frappe.model.utils.link_count.update_link_count for current.test
2022-05-04 14:15:54,965 INFO scheduler Scheduled Job Start: frappe.monitor.flush for current.test
2022-05-04 14:15:55,267 INFO scheduler Scheduled Job Complete: frappe.monitor.flush for current.test
2022-05-04 14:15:55,436 INFO scheduler Scheduled Job Start: frappe.utils.global_search.sync_global_search for current.test
2022-05-04 14:15:55,823 INFO scheduler Scheduled Job Complete: frappe.utils.global_search.sync_global_search for current.test
2022-05-04 14:15:55,928 INFO scheduler Scheduled Job Start: frappe.integrations.doctype.razorpay_settings.razorpay_settings.capture_payment for current.test
2022-05-04 14:15:56,309 INFO scheduler Scheduled Job Complete: frappe.integrations.doctype.razorpay_settings.razorpay_settings.capture_payment for current.test
2022-05-04 14:15:56,393 INFO scheduler Scheduled Job Start: frappe.email.doctype.email_account.email_account.notify_unreplied for current.test
2022-05-04 14:15:56,699 INFO scheduler Scheduled Job Complete: frappe.email.doctype.email_account.email_account.notify_unreplied for current.test
2022-05-04 14:15:56,752 INFO scheduler Scheduled Job Start: frappe.email.doctype.email_account.email_account.pull for current.test
2022-05-04 14:15:57,113 INFO scheduler Scheduled Job Complete: frappe.email.doctype.email_account.email_account.pull for current.test
2022-05-04 14:15:57,166 INFO scheduler Scheduled Job Start: frappe.email.queue.flush for current.test
2022-05-04 14:15:57,443 INFO scheduler Scheduled Job Complete: frappe.email.queue.flush for current.test
2022-05-04 14:15:57,608 INFO scheduler Scheduled Job Start: frappe.twofactor.delete_all_barcodes_for_users for current.test
2022-05-04 14:15:58,032 INFO scheduler Scheduled Job Complete: frappe.twofactor.delete_all_barcodes_for_users for current.test
2022-05-04 14:15:58,154 INFO scheduler Scheduled Job Start: frappe.website.doctype.web_page.web_page.check_publish_status for current.test
2022-05-04 14:15:58,752 INFO scheduler Scheduled Job Complete: frappe.website.doctype.web_page.web_page.check_publish_status for current.test
2022-05-04 14:15:58,812 INFO scheduler Scheduled Job Start: frappe.oauth.delete_oauth2_data for current.test
2022-05-04 14:15:59,122 INFO scheduler Scheduled Job Complete: frappe.oauth.delete_oauth2_data for current.test
2022-05-04 14:16:50,891 DEBUG scheduler Queued events for site current.test
2022-05-04 14:16:50,899 INFO scheduler Scheduled Job Start: frappe.monitor.flush for current.test
2022-05-04 14:16:51,032 INFO scheduler Scheduled Job Complete: frappe.monitor.flush for current.test
2022-05-04 14:16:51,084 INFO scheduler Scheduled Job Start: frappe.utils.global_search.sync_global_search for current.test
2022-05-04 14:16:51,239 INFO scheduler Scheduled Job Complete: frappe.utils.global_search.sync_global_search for current.test
2022-05-04 14:16:51,341 INFO scheduler Scheduled Job Start: frappe.integrations.doctype.razorpay_settings.razorpay_settings.capture_payment for current.test
2022-05-04 14:16:51,691 INFO scheduler Scheduled Job Complete: frappe.integrations.doctype.razorpay_settings.razorpay_settings.capture_payment for current.test
2022-05-04 14:16:51,886 INFO scheduler Scheduled Job Start: frappe.email.doctype.email_account.email_account.notify_unreplied for current.test
2022-05-04 14:16:52,297 INFO scheduler Scheduled Job Complete: frappe.email.doctype.email_account.email_account.notify_unreplied for current.test
2022-05-04 14:16:52,389 INFO scheduler Scheduled Job Start: frappe.email.doctype.email_account.email_account.pull for current.test
2022-05-04 14:16:52,742 INFO scheduler Scheduled Job Complete: frappe.email.doctype.email_account.email_account.pull for current.test
2022-05-04 14:16:52,846 INFO scheduler Scheduled Job Start: frappe.email.queue.flush for current.test
2022-05-04 14:16:53,130 INFO scheduler Scheduled Job Complete: frappe.email.queue.flush for current.test
2022-05-04 14:17:51,172 DEBUG scheduler Queued events for site current.test
2022-05-04 14:18:51,452 DEBUG scheduler Queued events for site current.test
2022-05-04 14:19:51,696 DEBUG scheduler Queued events for site current.test
2022-05-04 14:20:52,291 INFO scheduler Scheduled Job Start: frappe.monitor.flush for current.test
2022-05-04 14:20:52,302 DEBUG scheduler Queued events for site current.test
2022-05-04 14:20:52,513 INFO scheduler Scheduled Job Complete: frappe.monitor.flush for current.test
2022-05-04 14:20:52,592 INFO scheduler Scheduled Job Start: frappe.utils.global_search.sync_global_search for current.test
2022-05-04 14:20:52,938 INFO scheduler Scheduled Job Complete: frappe.utils.global_search.sync_global_search for current.test
2022-05-04 14:20:53,076 INFO scheduler Scheduled Job Start: frappe.integrations.doctype.razorpay_settings.razorpay_settings.capture_payment for current.test
2022-05-04 14:20:53,623 INFO scheduler Scheduled Job Complete: frappe.integrations.doctype.razorpay_settings.razorpay_settings.capture_payment for current.test
2022-05-04 14:20:53,906 INFO scheduler Scheduled Job Start: frappe.email.doctype.email_account.email_account.notify_unreplied for current.test
2022-05-04 14:20:54,557 INFO scheduler Scheduled Job Complete: frappe.email.doctype.email_account.email_account.notify_unreplied for current.test
2022-05-04 14:20:54,721 INFO scheduler Scheduled Job Start: frappe.email.doctype.email_account.email_account.pull for current.test
2022-05-04 14:20:55,204 INFO scheduler Scheduled Job Complete: frappe.email.doctype.email_account.email_account.pull for current.test
2022-05-04 14:20:55,358 INFO scheduler Scheduled Job Start: frappe.email.queue.flush for current.test
2022-05-04 14:20:55,634 INFO scheduler Scheduled Job Complete: frappe.email.queue.flush for current.test
2022-05-04 14:21:52,624 DEBUG scheduler Queued events for site current.test
2022-05-04 14:22:52,894 DEBUG scheduler Queued events for site current.test
2022-05-04 14:23:53,147 DEBUG scheduler Queued events for site current.test
2022-05-04 14:24:53,497 DEBUG scheduler Queued events for site current.test
2022-05-04 14:24:53,507 INFO scheduler Scheduled Job Start: frappe.monitor.flush for current.test
2022-05-04 14:24:53,656 INFO scheduler Scheduled Job Complete: frappe.monitor.flush for current.test
2022-05-04 14:24:53,709 INFO scheduler Scheduled Job Start: frappe.utils.global_search.sync_global_search for current.test
2022-05-04 14:24:53,853 INFO scheduler Scheduled Job Complete: frappe.utils.global_search.sync_global_search for current.test
2022-05-04 14:24:53,967 INFO scheduler Scheduled Job Start: frappe.integrations.doctype.razorpay_settings.razorpay_settings.capture_payment for current.test
2022-05-04 14:24:54,247 INFO scheduler Scheduled Job Complete: frappe.integrations.doctype.razorpay_settings.razorpay_settings.capture_payment for current.test
2022-05-04 14:24:54,462 INFO scheduler Scheduled Job Start: frappe.email.doctype.email_account.email_account.notify_unreplied for current.test
2022-05-04 14:24:54,951 INFO scheduler Scheduled Job Complete: frappe.email.doctype.email_account.email_account.notify_unreplied for current.test
2022-05-04 14:24:55,052 INFO scheduler Scheduled Job Start: frappe.email.doctype.email_account.email_account.pull for current.test
2022-05-04 14:24:55,362 INFO scheduler Scheduled Job Complete: frappe.email.doctype.email_account.email_account.pull for current.test
2022-05-04 14:24:55,414 INFO scheduler Scheduled Job Start: frappe.email.queue.flush for current.test
2022-05-04 14:24:55,590 INFO scheduler Scheduled Job Complete: frappe.email.queue.flush for current.test
2022-05-04 14:25:53,763 DEBUG scheduler Queued events for site current.test
2022-05-04 14:26:54,078 DEBUG scheduler Queued events for site current.test
2022-05-04 14:27:54,374 DEBUG scheduler Queued events for site current.test
2022-05-04 14:28:54,806 DEBUG scheduler Queued events for site current.test
2022-05-04 14:28:54,819 INFO scheduler Scheduled Job Start: frappe.monitor.flush for current.test
2022-05-04 14:28:54,939 INFO scheduler Scheduled Job Complete: frappe.monitor.flush for current.test
2022-05-04 14:28:54,991 INFO scheduler Scheduled Job Start: frappe.utils.global_search.sync_global_search for current.test
2022-05-04 14:28:55,130 INFO scheduler Scheduled Job Complete: frappe.utils.global_search.sync_global_search for current.test
2022-05-04 14:28:55,227 INFO scheduler Scheduled Job Start: frappe.integrations.doctype.razorpay_settings.razorpay_settings.capture_payment for current.test
2022-05-04 14:28:55,486 INFO scheduler Scheduled Job Complete: frappe.integrations.doctype.razorpay_settings.razorpay_settings.capture_payment for current.test
2022-05-04 14:28:55,622 INFO scheduler Scheduled Job Start: frappe.email.doctype.email_account.email_account.notify_unreplied for current.test
2022-05-04 14:28:56,179 INFO scheduler Scheduled Job Complete: frappe.email.doctype.email_account.email_account.notify_unreplied for current.test
2022-05-04 14:28:56,311 INFO scheduler Scheduled Job Start: frappe.email.doctype.email_account.email_account.pull for current.test
2022-05-04 14:28:56,716 INFO scheduler Scheduled Job Complete: frappe.email.doctype.email_account.email_account.pull for current.test
2022-05-04 14:28:56,817 INFO scheduler Scheduled Job Start: frappe.email.queue.flush for current.test
2022-05-04 14:28:57,133 INFO scheduler Scheduled Job Complete: frappe.email.queue.flush for current.test
2022-05-04 14:29:55,136 DEBUG scheduler Queued events for site current.test
2022-05-04 14:30:55,530 DEBUG scheduler Queued events for site current.test
2022-05-04 14:30:55,566 INFO scheduler Scheduled Job Start: frappe.twofactor.delete_all_barcodes_for_users for current.test
2022-05-04 14:30:55,776 INFO scheduler Scheduled Job Complete: frappe.twofactor.delete_all_barcodes_for_users for current.test
2022-05-04 14:30:55,839 INFO scheduler Scheduled Job Start: frappe.website.doctype.web_page.web_page.check_publish_status for current.test
2022-05-04 14:30:56,313 INFO scheduler Scheduled Job Complete: frappe.website.doctype.web_page.web_page.check_publish_status for current.test
2022-05-04 14:30:56,563 INFO scheduler Scheduled Job Start: frappe.oauth.delete_oauth2_data for current.test
2022-05-04 14:30:57,231 INFO scheduler Scheduled Job Complete: frappe.oauth.delete_oauth2_data for current.test
2022-05-04 14:31:55,785 DEBUG scheduler Queued events for site current.test
2022-05-04 14:32:56,173 DEBUG scheduler Queued events for site current.test
2022-05-04 14:32:56,183 INFO scheduler Scheduled Job Start: frappe.monitor.flush for current.test
2022-05-04 14:32:56,405 INFO scheduler Scheduled Job Complete: frappe.monitor.flush for current.test
2022-05-04 14:32:56,478 INFO scheduler Scheduled Job Start: frappe.utils.global_search.sync_global_search for current.test
2022-05-04 14:32:56,656 INFO scheduler Scheduled Job Complete: frappe.utils.global_search.sync_global_search for current.test
2022-05-04 14:32:56,800 INFO scheduler Scheduled Job Start: frappe.integrations.doctype.razorpay_settings.razorpay_settings.capture_payment for current.test
2022-05-04 14:32:57,129 INFO scheduler Scheduled Job Complete: frappe.integrations.doctype.razorpay_settings.razorpay_settings.capture_payment for current.test
2022-05-04 14:32:57,319 INFO scheduler Scheduled Job Start: frappe.email.doctype.email_account.email_account.notify_unreplied for current.test
2022-05-04 14:32:57,875 INFO scheduler Scheduled Job Complete: frappe.email.doctype.email_account.email_account.notify_unreplied for current.test
2022-05-04 14:32:58,003 INFO scheduler Scheduled Job Start: frappe.email.doctype.email_account.email_account.pull for current.test
2022-05-04 14:32:58,250 INFO scheduler Scheduled Job Complete: frappe.email.doctype.email_account.email_account.pull for current.test
2022-05-04 14:32:58,303 INFO scheduler Scheduled Job Start: frappe.email.queue.flush for current.test
2022-05-04 14:32:58,551 INFO scheduler Scheduled Job Complete: frappe.email.queue.flush for current.test
2022-05-04 14:33:56,477 DEBUG scheduler Queued events for site current.test
2022-05-04 14:34:56,728 DEBUG scheduler Queued events for site current.test
2022-05-04 14:35:56,961 DEBUG scheduler Queued events for site current.test
2022-05-04 14:36:57,339 INFO scheduler Scheduled Job Start: frappe.monitor.flush for current.test
2022-05-04 14:36:57,344 DEBUG scheduler Queued events for site current.test
2022-05-04 14:36:57,474 INFO scheduler Scheduled Job Complete: frappe.monitor.flush for current.test
2022-05-04 14:36:57,530 INFO scheduler Scheduled Job Start: frappe.utils.global_search.sync_global_search for current.test
2022-05-04 14:36:57,690 INFO scheduler Scheduled Job Complete: frappe.utils.global_search.sync_global_search for current.test
2022-05-04 14:36:57,793 INFO scheduler Scheduled Job Start: frappe.integrations.doctype.razorpay_settings.razorpay_settings.capture_payment for current.test
2022-05-04 14:36:58,064 INFO scheduler Scheduled Job Complete: frappe.integrations.doctype.razorpay_settings.razorpay_settings.capture_payment for current.test
2022-05-04 14:36:58,246 INFO scheduler Scheduled Job Start: frappe.email.doctype.email_account.email_account.notify_unreplied for current.test
2022-05-04 14:36:58,729 INFO scheduler Scheduled Job Complete: frappe.email.doctype.email_account.email_account.notify_unreplied for current.test
2022-05-04 14:36:58,844 INFO scheduler Scheduled Job Start: frappe.email.doctype.email_account.email_account.pull for current.test
2022-05-04 14:36:59,174 INFO scheduler Scheduled Job Complete: frappe.email.doctype.email_account.email_account.pull for current.test
2022-05-04 14:36:59,226 INFO scheduler Scheduled Job Start: frappe.email.queue.flush for current.test
2022-05-04 14:36:59,408 INFO scheduler Scheduled Job Complete: frappe.email.queue.flush for current.test
2022-05-04 14:37:57,664 DEBUG scheduler Queued events for site current.test
2022-05-04 14:38:57,948 DEBUG scheduler Queued events for site current.test
2022-05-04 14:39:58,220 DEBUG scheduler Queued events for site current.test
